2025-04-19 14:09:42,194 - INFO - Starting Figure 2 generation
2025-04-19 14:09:42,194 - INFO - Loading data from /home/s_felix/FINAL_PROJECT/Data_Analysis/data/01_final_analysis_dataset.csv
2025-04-19 14:09:42,664 - INFO - Loaded initial 287865 rows. Kept 285505 rows after removing NaNs/Infs in key columns.
2025-04-19 14:09:42,666 - INFO - Temperatures found in data: [320.0, 348.0, 379.0, 413.0, 450.0]
2025-04-19 14:09:42,666 - INFO - Will generate distribution plots for temperatures: [320.0, 348.0, 379.0, 413.0, 450.0]
2025-04-19 14:09:42,666 - INFO - Will generate domain plot with highlights for temperatures: [320.0, 348.0, 379.0, 413.0, 450.0]
2025-04-19 14:09:42,666 - INFO - --- Generating Distribution Plots ---
2025-04-19 14:09:42,666 - INFO - Determining optimal axis limits for distribution plots...
2025-04-19 14:09:42,715 - INFO - Low temp (<400K) x-max: 1.46, High temp (>=400K) x-max: 2.29
2025-04-19 14:09:42,764 - INFO - Finished calculating axis limits for distribution plots.
2025-04-19 14:09:42,770 - INFO - Generating distribution plot for 320.0K with 57101 records
2025-04-19 14:09:44,453 - INFO - Saved distribution plot to /home/s_felix/FINAL_PROJECT/Data_Analysis/results_output/figures/fig2_temperature_320K_distribution.png
2025-04-19 14:09:44,459 - INFO - Generating distribution plot for 348.0K with 57101 records
2025-04-19 14:09:46,125 - INFO - Saved distribution plot to /home/s_felix/FINAL_PROJECT/Data_Analysis/results_output/figures/fig2_temperature_348K_distribution.png
2025-04-19 14:09:46,131 - INFO - Generating distribution plot for 379.0K with 57101 records
2025-04-19 14:09:47,813 - INFO - Saved distribution plot to /home/s_felix/FINAL_PROJECT/Data_Analysis/results_output/figures/fig2_temperature_379K_distribution.png
2025-04-19 14:09:47,819 - INFO - Generating distribution plot for 413.0K with 57101 records
2025-04-19 14:09:49,483 - INFO - Saved distribution plot to /home/s_felix/FINAL_PROJECT/Data_Analysis/results_output/figures/fig2_temperature_413K_distribution.png
2025-04-19 14:09:49,489 - INFO - Generating distribution plot for 450.0K with 57101 records
2025-04-19 14:09:51,136 - INFO - Saved distribution plot to /home/s_felix/FINAL_PROJECT/Data_Analysis/results_output/figures/fig2_temperature_450K_distribution.png
2025-04-19 14:09:51,138 - INFO - --- Generating Domain-Level Plot ---
2025-04-19 14:09:51,138 - INFO - Generating domain-level density scatter plot...
2025-04-19 14:09:51,138 - INFO - Aggregating domain-level data from 285505 records...
2025-04-19 14:09:51,152 - INFO - Generated valid domain-level data with 2015 domain-temperature pairs
2025-04-19 14:09:51,156 - INFO - Calculating point density using Gaussian KDE...
2025-04-19 14:09:51,199 - INFO - Adding highlights for temperatures: [320.0, 348.0, 379.0, 413.0, 450.0]
2025-04-19 14:09:51,448 - INFO - Saved domain-level density plot to /home/s_felix/FINAL_PROJECT/Data_Analysis/results_output/figures/fig2_domain_level_density_scatter.png
2025-04-19 14:09:51,448 - INFO - Figure 2 generation process finished.
