[2025-04-16 23:01:11 INFO] Logging initialized. Log file: /home/s_felix/FINAL_PROJECT/Data_Analysis/visualizations/figure4_outputs/figure4_generation.log
[2025-04-16 23:01:11 INFO] Output directory: /home/s_felix/FINAL_PROJECT/Data_Analysis/visualizations/figure4_outputs
[2025-04-16 23:01:11 INFO] Loading data from: /home/s_felix/FINAL_PROJECT/Data_Analysis/data/01_final_analysis_dataset.csv
[2025-04-16 23:01:12 INFO] Loaded 287,865 rows.
[2025-04-16 23:01:12 INFO] Converting column types...
[2025-04-16 23:01:12 INFO] Calculating MAE...
[2025-04-16 23:01:12 INFO] Dropped 3,865 rows due to NaN MAE values.
[2025-04-16 23:01:12 INFO] 284,000 rows remaining after dropping NaN MAE values.
[2025-04-16 23:01:12 INFO] Mapping categorical features...
[2025-04-16 23:01:12 INFO] Binning continuous features...
[2025-04-16 23:01:12 INFO] Clipping 'normalized_resid' to [0, 1] range before binning.
[2025-04-16 23:01:12 WARNING] 2005 NULL values in 'Position_Bin' AFTER cutting. Adding 'Unknown'.
[2025-04-16 23:01:12 INFO] Successfully created string labels for RSA_Quantile_Label.
[2025-04-16 23:01:12 INFO] Successfully created string labels for BFactor_Quantile_Label.
[2025-04-16 23:01:12 INFO] Data preparation finished.
[2025-04-16 23:01:12 INFO] Generating Panel A: Secondary Structure...
[2025-04-16 23:01:13 INFO] Panel A: Setting Y-axis limits for focus: [0.000, 0.816]
[2025-04-16 23:01:13 INFO] Saved plot to /home/s_felix/FINAL_PROJECT/Data_Analysis/visualizations/figure4_outputs/figure4_a_ss.png
[2025-04-16 23:01:13 INFO] Generating Panel B: Core/Exterior (Box Plot)...
[2025-04-16 23:01:14 INFO] Panel B: Setting Y-axis limits for focus: [0.000, 0.816]
[2025-04-16 23:01:14 INFO] Saved plot to /home/s_felix/FINAL_PROJECT/Data_Analysis/visualizations/figure4_outputs/figure4_b_core_exterior.png
[2025-04-16 23:01:14 INFO] Generating Panel D: Relative Accessibility...
[2025-04-16 23:01:15 INFO] Sorted RSA quantiles numerically.
[2025-04-16 23:01:16 INFO] Saved plot to /home/s_felix/FINAL_PROJECT/Data_Analysis/visualizations/figure4_outputs/figure4_d_accessibility.png
[2025-04-16 23:01:16 INFO] Generating Panel F: Ramachandran (Mean MAE)...
[2025-04-16 23:01:16 INFO] Saved plot to /home/s_felix/FINAL_PROJECT/Data_Analysis/visualizations/figure4_outputs/figure4_f_ramachandran.png
[2025-04-16 23:01:16 INFO] Generating Panel G: Amino Acid Performance...
[2025-04-16 23:01:17 INFO] Confirmed: Amino acids ordered by DeepFlex Mean MAE.
[2025-04-16 23:01:20 INFO] Saved plot to /home/s_felix/FINAL_PROJECT/Data_Analysis/visualizations/figure4_outputs/figure4_g_amino_acid_grouped.png
[2025-04-16 23:01:20 INFO] Generating Analysis Summary CSV: /home/s_felix/FINAL_PROJECT/Data_Analysis/visualizations/figure4_outputs/figure4_analysis.csv
[2025-04-16 23:01:20 INFO] Successfully wrote analysis summary CSV.
[2025-04-16 23:01:20 INFO] --- Figure 4 Generation Script Finished ---
