[2025-04-19 12:41:23 INFO] Logging initialized for Text Generation. Log file: /home/s_felix/FINAL_PROJECT/Data_Analysis/visualizations/figure4_outputs/figure4_text_generation.log
[2025-04-19 12:41:23 INFO] Output directory for CSV: /home/s_felix/FINAL_PROJECT/Data_Analysis/visualizations/figure4_outputs
[2025-04-19 12:41:23 INFO] Loading data for stats from: /home/s_felix/FINAL_PROJECT/Data_Analysis/data/01_final_analysis_dataset.csv
[2025-04-19 12:41:24 INFO] Loaded 287,865 rows.
[2025-04-19 12:41:24 INFO] Converting column types...
[2025-04-19 12:41:24 WARNING] NaNs introduced/present in 'Attention_ESM_rmsf' after numeric conversion.
[2025-04-19 12:41:24 WARNING] NaNs introduced/present in 'ESM_Only_rmsf' after numeric conversion.
[2025-04-19 12:41:24 WARNING] NaNs introduced/present in 'voxel_rmsf' after numeric conversion.
[2025-04-19 12:41:24 INFO] Calculating MAE...
[2025-04-19 12:41:24 INFO] Dropped 376 rows due to NaN in ALL MAE columns.
[2025-04-19 12:41:24 INFO] 287,489 rows remaining after dropping NaN MAE values.
[2025-04-19 12:41:24 INFO] Mapping categorical features...
[2025-04-19 12:41:24 INFO] Binning continuous features...
[2025-04-19 12:41:24 INFO] Successfully created string labels for RSA_Quantile_Label.
[2025-04-19 12:41:24 INFO] Successfully created string labels for BFactor_Quantile_Label.
[2025-04-19 12:41:24 INFO] Data preparation finished for stats.
[2025-04-19 12:41:24 INFO] Aggregating data for Panel A...
[2025-04-19 12:41:24 INFO] Aggregating data for Panel B...
[2025-04-19 12:41:25 INFO] Aggregating data for Panel C...
[2025-04-19 12:41:25 INFO] Aggregating data for Panel D...
[2025-04-19 12:41:25 INFO] Aggregating data for Panel E...
[2025-04-19 12:41:25 INFO] Aggregating data for Panel F...
[2025-04-19 12:41:25 INFO] Aggregating data for Panel G...
[2025-04-19 12:41:26 INFO] Generating Detailed Analysis Summary CSV: /home/s_felix/FINAL_PROJECT/Data_Analysis/visualizations/figure4_outputs/figure4_analysis_detailed.csv
[2025-04-19 12:41:26 INFO] Successfully wrote DETAILED analysis summary CSV to: /home/s_felix/FINAL_PROJECT/Data_Analysis/visualizations/figure4_outputs/figure4_analysis_detailed.csv
[2025-04-19 12:41:26 INFO] --- Detailed Analysis CSV Generation Finished (figure4_analysis_detailed.csv) ---
